<?xml version='1.1' encoding='UTF-8'?>
<result plugin="junit@1256.v002534a_5f33e">
  <suites>
    <suite>
      <file>/var/jenkins_home/workspace/maven-job/target/surefire-reports/TEST-com.mycompany.app.AppTest.xml</file>
      <name>com.mycompany.app.AppTest</name>
      <duration>0.1</duration>
      <startTime>-1</startTime>
      <properties/>
      <time>0.1</time>
      <enclosingBlocks/>
      <enclosingBlockNames/>
      <cases>
        <case>
          <duration>0.051</duration>
          <startTime>-1</startTime>
          <className>com.mycompany.app.AppTest</className>
          <testName>testAppConstructor</testName>
          <skipped>false</skipped>
          <properties/>
          <failedSince>0</failedSince>
        </case>
        <case>
          <duration>0.002</duration>
          <startTime>-1</startTime>
          <className>com.mycompany.app.AppTest</className>
          <testName>testAppMessage</testName>
          <skipped>false</skipped>
          <properties/>
          <failedSince>0</failedSince>
        </case>
      </cases>
    </suite>
  </suites>
  <duration>0.1</duration>
  <skipOldReports>false</skipOldReports>
  <startTime>-1</startTime>
  <keepLongStdio>false</keepLongStdio>
  <keepProperties>false</keepProperties>
</result>