<?xml version='1.1' encoding='UTF-8'?>
<result plugin="junit@1256.v002534a_5f33e">
  <suites>
    <suite>
      <file>/var/jenkins_home/workspace/maven-job/target/surefire-reports/TEST-com.mycompany.app.AppTest.xml</file>
      <name>com.mycompany.app.AppTest</name>
      <duration>0.093</duration>
      <startTime>-1</startTime>
      <properties>
        <entry>
          <string>java.specification.version</string>
          <string>17</string>
        </entry>
        <entry>
          <string>sun.jnu.encoding</string>
          <string>UTF-8</string>
        </entry>
        <entry>
          <string>java.class.path</string>
          <string>/var/jenkins_home/workspace/maven-job/target/test-classes:/var/jenkins_home/workspace/maven-job/target/classes:/var/jenkins_home/.m2/repository/org/junit/jupiter/junit-jupiter-api/5.10.1/junit-jupiter-api-5.10.1.jar:/var/jenkins_home/.m2/repository/org/opentest4j/opentest4j/1.3.0/opentest4j-1.3.0.jar:/var/jenkins_home/.m2/repository/org/junit/platform/junit-platform-commons/1.10.1/junit-platform-commons-1.10.1.jar:/var/jenkins_home/.m2/repository/org/apiguardian/apiguardian-api/1.1.2/apiguardian-api-1.1.2.jar:</string>
        </entry>
        <entry>
          <string>java.vm.vendor</string>
          <string>Eclipse Adoptium</string>
        </entry>
        <entry>
          <string>sun.arch.data.model</string>
          <string>64</string>
        </entry>
        <entry>
          <string>java.vendor.url</string>
          <string>https://adoptium.net/</string>
        </entry>
        <entry>
          <string>os.name</string>
          <string>Linux</string>
        </entry>
        <entry>
          <string>java.vm.specification.version</string>
          <string>17</string>
        </entry>
        <entry>
          <string>sun.java.launcher</string>
          <string>SUN_STANDARD</string>
        </entry>
        <entry>
          <string>sun.boot.library.path</string>
          <string>/opt/java/openjdk/lib</string>
        </entry>
        <entry>
          <string>sun.java.command</string>
          <string>/var/jenkins_home/workspace/maven-job/target/surefire/surefirebooter-20240125163933317_3.jar /var/jenkins_home/workspace/maven-job/target/surefire 2024-01-25T16-39-33_129-jvmRun1 surefire-20240125163933317_1tmp surefire_0-20240125163933317_2tmp</string>
        </entry>
        <entry>
          <string>jdk.debug</string>
          <string>release</string>
        </entry>
        <entry>
          <string>surefire.test.class.path</string>
          <string>/var/jenkins_home/workspace/maven-job/target/test-classes:/var/jenkins_home/workspace/maven-job/target/classes:/var/jenkins_home/.m2/repository/org/junit/jupiter/junit-jupiter-api/5.10.1/junit-jupiter-api-5.10.1.jar:/var/jenkins_home/.m2/repository/org/opentest4j/opentest4j/1.3.0/opentest4j-1.3.0.jar:/var/jenkins_home/.m2/repository/org/junit/platform/junit-platform-commons/1.10.1/junit-platform-commons-1.10.1.jar:/var/jenkins_home/.m2/repository/org/apiguardian/apiguardian-api/1.1.2/apiguardian-api-1.1.2.jar:</string>
        </entry>
        <entry>
          <string>sun.cpu.endian</string>
          <string>little</string>
        </entry>
        <entry>
          <string>user.home</string>
          <string>/var/jenkins_home</string>
        </entry>
        <entry>
          <string>user.language</string>
          <string>en</string>
        </entry>
        <entry>
          <string>java.specification.vendor</string>
          <string>Oracle Corporation</string>
        </entry>
        <entry>
          <string>java.version.date</string>
          <string>2023-10-17</string>
        </entry>
        <entry>
          <string>java.home</string>
          <string>/opt/java/openjdk</string>
        </entry>
        <entry>
          <string>file.separator</string>
          <string>/</string>
        </entry>
        <entry>
          <string>basedir</string>
          <string>/var/jenkins_home/workspace/maven-job</string>
        </entry>
        <entry>
          <string>java.vm.compressedOopsMode</string>
          <string>Zero based</string>
        </entry>
        <entry>
          <string>line.separator</string>
          <string>
</string>
        </entry>
        <entry>
          <string>java.vm.specification.vendor</string>
          <string>Oracle Corporation</string>
        </entry>
        <entry>
          <string>java.specification.name</string>
          <string>Java Platform API Specification</string>
        </entry>
        <entry>
          <string>surefire.real.class.path</string>
          <string>/var/jenkins_home/workspace/maven-job/target/surefire/surefirebooter-20240125163933317_3.jar</string>
        </entry>
        <entry>
          <string>sun.management.compiler</string>
          <string>HotSpot 64-Bit Tiered Compilers</string>
        </entry>
        <entry>
          <string>java.runtime.version</string>
          <string>17.0.9+9</string>
        </entry>
        <entry>
          <string>user.name</string>
          <string>jenkins</string>
        </entry>
        <entry>
          <string>path.separator</string>
          <string>:</string>
        </entry>
        <entry>
          <string>os.version</string>
          <string>3.10.0-1160.el7.x86_64</string>
        </entry>
        <entry>
          <string>java.runtime.name</string>
          <string>OpenJDK Runtime Environment</string>
        </entry>
        <entry>
          <string>file.encoding</string>
          <string>UTF-8</string>
        </entry>
        <entry>
          <string>java.vm.name</string>
          <string>OpenJDK 64-Bit Server VM</string>
        </entry>
        <entry>
          <string>java.vendor.version</string>
          <string>Temurin-17.0.9+9</string>
        </entry>
        <entry>
          <string>localRepository</string>
          <string>/var/jenkins_home/.m2/repository</string>
        </entry>
        <entry>
          <string>java.vendor.url.bug</string>
          <string>https://github.com/adoptium/adoptium-support/issues</string>
        </entry>
        <entry>
          <string>java.io.tmpdir</string>
          <string>/tmp</string>
        </entry>
        <entry>
          <string>java.version</string>
          <string>17.0.9</string>
        </entry>
        <entry>
          <string>user.dir</string>
          <string>/var/jenkins_home/workspace/maven-job</string>
        </entry>
        <entry>
          <string>os.arch</string>
          <string>amd64</string>
        </entry>
        <entry>
          <string>java.vm.specification.name</string>
          <string>Java Virtual Machine Specification</string>
        </entry>
        <entry>
          <string>native.encoding</string>
          <string>UTF-8</string>
        </entry>
        <entry>
          <string>java.library.path</string>
          <string>/usr/java/packages/lib:/usr/lib64:/lib64:/lib:/usr/lib</string>
        </entry>
        <entry>
          <string>java.vm.info</string>
          <string>mixed mode</string>
        </entry>
        <entry>
          <string>java.vendor</string>
          <string>Eclipse Adoptium</string>
        </entry>
        <entry>
          <string>java.vm.version</string>
          <string>17.0.9+9</string>
        </entry>
        <entry>
          <string>sun.io.unicode.encoding</string>
          <string>UnicodeLittle</string>
        </entry>
        <entry>
          <string>java.class.version</string>
          <string>61.0</string>
        </entry>
      </properties>
      <time>0.093</time>
      <enclosingBlocks/>
      <enclosingBlockNames/>
      <cases>
        <case>
          <duration>0.048</duration>
          <startTime>-1</startTime>
          <className>com.mycompany.app.AppTest</className>
          <testName>testAppConstructor</testName>
          <skipped>false</skipped>
          <properties/>
          <failedSince>0</failedSince>
        </case>
        <case>
          <duration>0.003</duration>
          <startTime>-1</startTime>
          <className>com.mycompany.app.AppTest</className>
          <testName>testAppMessage</testName>
          <skipped>false</skipped>
          <properties/>
          <failedSince>0</failedSince>
        </case>
      </cases>
    </suite>
  </suites>
  <duration>0.093</duration>
  <skipOldReports>false</skipOldReports>
  <startTime>-1</startTime>
  <keepLongStdio>false</keepLongStdio>
  <keepProperties>true</keepProperties>
</result>